{
"contracts\\Minter.sol":{"l":{"17":4,"18":4,"19":4,"20":4,"26":0,"32":0},"path":"D:\\projects\\blockchain\\work\\Alchemy-challenge\\contracts\\Minter.sol","s":{"1":4,"2":4,"3":4,"4":4,"5":0,"6":0},"b":{"1":[4,0]},"f":{"1":3,"2":4,"3":0,"4":0},"fnMap":{"1":{"name":"constructor","line":14,"loc":{"start":{"line":14,"column":2},"end":{"line":14,"column":48}}},"2":{"name":"safeMint","line":16,"loc":{"start":{"line":16,"column":2},"end":{"line":21,"column":2}}},"3":{"name":"_burn","line":25,"loc":{"start":{"line":25,"column":2},"end":{"line":27,"column":2}}},"4":{"name":"tokenURI","line":29,"loc":{"start":{"line":29,"column":2},"end":{"line":33,"column":2}}}},"statementMap":{"1":{"start":{"line":17,"column":4},"end":{"line":17,"column":47}},"2":{"start":{"line":18,"column":4},"end":{"line":18,"column":30}},"3":{"start":{"line":19,"column":4},"end":{"line":19,"column":33}},"4":{"start":{"line":20,"column":4},"end":{"line":20,"column":29}},"5":{"start":{"line":26,"column":4},"end":{"line":26,"column":23}},"6":{"start":{"line":32,"column":4},"end":{"line":32,"column":34}}},"branchMap":{"1":{"line":16,"type":"if","locations":[{"start":{"line":16,"column":46},"end":{"line":16,"column":46}},{"start":{"line":16,"column":46},"end":{"line":16,"column":46}}]}}}}
